<?xml version="1.0" encoding="UTF-8"?>
<testsuite xmlns:xsi="http://www.w3.org/2001/XMLSchema-instance" xsi:noNamespaceSchemaLocation="https://maven.apache.org/surefire/maven-surefire-plugin/xsd/surefire-test-report.xsd" name="com.marcellus.testing.AccountTest" time="0.103" tests="11" errors="0" skipped="0" failures="0">
  <properties>
[...]
</properties>
  <testcase name="invalidEmailShouldThrowException" classname="com.marcellus.testing.AccountTest" time="0.043"/>
  <testcase name="accountShouldBeActiveAfterActivation" classname="com.marcellus.testing.AccountTest" time="0.01"/>
  <testcase name="newlyCreatedAccountShouldNotHaveDeliveryAddressSet" classname="com.marcellus.testing.AccountTest" time="0.002"/>
  <testcase name="emailCorrectEmailShouldBeAdded" classname="com.marcellus.testing.AccountTest" time="0.002"/>
  <testcase name="defaultDeliveryAddressShouldNotBeNullAfterBeingSet" classname="com.marcellus.testing.AccountTest" time="0.003"/>
  <testcase name="newAccountWithNotNullAddressShouldBeActive[1]" classname="com.marcellus.testing.AccountTest" time="0.004"/>
  <testcase name="newAccountWithNotNullAddressShouldBeActive[2]" classname="com.marcellus.testing.AccountTest" time="0"/>
  <testcase name="newAccountWithNotNullAddressShouldBeActive[3]" classname="com.marcellus.testing.AccountTest" time="0.001"/>
  <testcase name="newAccountWithNotNullAddressShouldBeActive[4]" classname="com.marcellus.testing.AccountTest" time="0.001"/>
  <testcase name="newAccountWithNotNullAddressShouldBeActive[5]" classname="com.marcellus.testing.AccountTest" time="0"/>
  <testcase name="newAccountShouldNotBeActive" classname="com.marcellus.testing.AccountTest" time="0.002"/>
</testsuite>